   1    1        301    program
   1    9        401    myprog
   1   15          3    ;
   4    1        304    const
   4    7        402    height
   4   14          0    =
   4   16        501    +5#+3
   4   21          3    ;
   6    1        302    begin
   7    1        303    end
   7    4          5    .

Tree:
<signal-program>
    <program>
        PROGRAM
        <procedure-identifier>
            <identifier>
                myprog
        ;
        <block>
            <declarations>
                <constant-declarations>
                    CONST
                    <constant-declaration-list>
                        <constant-declaration>
                            <constant-identifier>
                                <identifier>
                                    height
                            =
                            <constant>
                                +5#+3
                            ;
            BEGIN
            <statement-list>
                <empty>
            END
        .
